<?xml version="1.0" encoding="UTF-8"?>
<robot generator="Robot 6.1.1 (Python 3.6.13 on win32)" generated="20260222 23:22:49.089" rpa="false" schemaversion="4">
<suite id="s1" name="Search Tests" source="C:\Users\DELL\sgbi-inc-test-engineer-automation-ai-systems-team-3\tests\search\search_tests.robot">
<test id="s1-t1" name="SG-13 | Verify Car Type Filter Functionality" line="14">
<kw name="Open Browser To MoRent" library="keywords">
<doc>Open MoRent website with auto-installed ChromeDriver</doc>
<kw name="Evaluate" library="BuiltIn">
<arg>__import__('chromedriver_autoinstaller').install()</arg>
<doc>Evaluates the given expression in Python and returns the result.</doc>
<msg timestamp="20260222 23:22:50.297" level="INFO">Chromedriver is already installed.</msg>
<status status="PASS" starttime="20260222 23:22:49.526" endtime="20260222 23:22:50.298"/>
</kw>
<kw name="Open Browser" library="SeleniumLibrary">
<arg>${URL}</arg>
<arg>${BROWSER}</arg>
<doc>Opens a new browser instance to the optional ``url``.</doc>
<msg timestamp="20260222 23:22:50.299" level="INFO">Opening browser 'chrome' to base url 'https://morent-car.archisacademy.com/'.</msg>
<status status="PASS" starttime="20260222 23:22:50.298" endtime="20260222 23:22:53.236"/>
</kw>
<kw name="Maximize Browser Window" library="SeleniumLibrary">
<doc>Maximizes current browser window.</doc>
<status status="PASS" starttime="20260222 23:22:53.236" endtime="20260222 23:22:53.318"/>
</kw>
<kw name="Wait Until Page Contains Element" library="SeleniumLibrary">
<arg>${SEARCH_LOCATOR}</arg>
<arg>10s</arg>
<doc>Waits until the element ``locator`` appears on the current page.</doc>
<status status="PASS" starttime="20260222 23:22:53.322" endtime="20260222 23:22:54.838"/>
</kw>
<status status="PASS" starttime="20260222 23:22:49.525" endtime="20260222 23:22:54.839"/>
</kw>
<kw name="Perform Valid Car Search" library="keywords">
<arg>${PICKUP}</arg>
<arg>${DROPOFF}</arg>
<arg>${PICKUP_DATE}</arg>
<arg>${DROPOFF_DATE}</arg>
<kw name="Scroll Element Into View" library="SeleniumLibrary">
<arg>${SEARCH_LOCATOR}</arg>
<doc>Scrolls the element identified by ``locator`` into view.</doc>
<status status="PASS" starttime="20260222 23:22:54.841" endtime="20260222 23:22:55.183"/>
</kw>
<kw name="Wait Until Element Is Visible" library="SeleniumLibrary">
<arg>${PICKUP_LOCATOR}</arg>
<arg>10s</arg>
<doc>Waits until the element ``locator`` is visible.</doc>
<status status="PASS" starttime="20260222 23:22:55.183" endtime="20260222 23:22:55.346"/>
</kw>
<kw name="Click Element" library="SeleniumLibrary">
<arg>${PICKUP_LOCATOR}</arg>
<doc>Click the element identified by ``locator``.</doc>
<msg timestamp="20260222 23:22:55.347" level="INFO">Clicking element '//div[text()='Pick-Up']/following-sibling::div//div[@aria-label='Select your City']'.</msg>
<status status="PASS" starttime="20260222 23:22:55.346" endtime="20260222 23:22:55.679"/>
</kw>
<kw name="Set Variable" library="BuiltIn">
<var>${option_locator}</var>
<arg>(//div[@class='ant-select-item-option-content'][normalize-space()='${pickup}'])[1]</arg>
<doc>Returns the given values which can then be assigned to a variables.</doc>
<msg timestamp="20260222 23:22:55.682" level="INFO">${option_locator} = (//div[@class='ant-select-item-option-content'][normalize-space()='Palakkad'])[1]</msg>
<status status="PASS" starttime="20260222 23:22:55.680" endtime="20260222 23:22:55.682"/>
</kw>
<kw name="Wait Until Element Is Visible" library="SeleniumLibrary">
<arg>${option_locator}</arg>
<arg>10s</arg>
<doc>Waits until the element ``locator`` is visible.</doc>
<status status="PASS" starttime="20260222 23:22:55.684" endtime="20260222 23:22:55.849"/>
</kw>
<kw name="Click Element" library="SeleniumLibrary">
<arg>${option_locator}</arg>
<doc>Click the element identified by ``locator``.</doc>
<msg timestamp="20260222 23:22:55.851" level="INFO">Clicking element '(//div[@class='ant-select-item-option-content'][normalize-space()='Palakkad'])[1]'.</msg>
<status status="PASS" starttime="20260222 23:22:55.850" endtime="20260222 23:22:56.007"/>
</kw>
<kw name="Wait Until Page Contains Element" library="SeleniumLibrary">
<arg>${DROPOFF_LOCATOR}</arg>
<arg>10s</arg>
<doc>Waits until the element ``locator`` appears on the current page.</doc>
<status status="PASS" starttime="20260222 23:22:56.007" endtime="20260222 23:22:56.048"/>
</kw>
<kw name="Click Element" library="SeleniumLibrary">
<arg>${PICKUP_DATE_LOCATOR}</arg>
<doc>Click the element identified by ``locator``.</doc>
<msg timestamp="20260222 23:22:56.050" level="INFO">Clicking element '//div[text()='Pick-Up']/following-sibling::div//div[span[text()='Date']]//input[@placeholder='Select date']'.</msg>
<status status="PASS" starttime="20260222 23:22:56.048" endtime="20260222 23:22:56.260"/>
</kw>
<kw name="Sleep" library="BuiltIn">
<arg>1s</arg>
<doc>Pauses the test executed for the given time.</doc>
<msg timestamp="20260222 23:22:57.263" level="INFO">Slept 1 second</msg>
<status status="PASS" starttime="20260222 23:22:56.260" endtime="20260222 23:22:57.265"/>
</kw>
<kw name="Input Text" library="SeleniumLibrary">
<arg>${PICKUP_DATE_LOCATOR}</arg>
<arg>${pickup_date}</arg>
<doc>Types the given ``text`` into the text field identified by ``locator``.</doc>
<msg timestamp="20260222 23:22:57.268" level="INFO">Typing text '24-02-2026' into text field '//div[text()='Pick-Up']/following-sibling::div//div[span[text()='Date']]//input[@placeholder='Select date']'.</msg>
<status status="PASS" starttime="20260222 23:22:57.265" endtime="20260222 23:22:57.473"/>
</kw>
<kw name="Press Keys" library="SeleniumLibrary">
<arg>${PICKUP_DATE_LOCATOR}</arg>
<arg>ENTER</arg>
<doc>Simulates the user pressing key(s) to an element or on the active browser.</doc>
<msg timestamp="20260222 23:22:57.475" level="INFO">Sending key(s) ('ENTER',) to //div[text()='Pick-Up']/following-sibling::div//div[span[text()='Date']]//input[@placeholder='Select date'] element.</msg>
<msg timestamp="20260222 23:22:57.797" level="INFO">Pressing special key ENTER to element.</msg>
<msg timestamp="20260222 23:22:57.798" level="INFO">Releasing special key ENTER.</msg>
<status status="PASS" starttime="20260222 23:22:57.473" endtime="20260222 23:22:57.838"/>
</kw>
<kw name="Wait Until Element Is Visible" library="SeleniumLibrary">
<arg>${DROPOFF_LOCATOR}</arg>
<arg>10s</arg>
<doc>Waits until the element ``locator`` is visible.</doc>
<status status="PASS" starttime="20260222 23:22:57.839" endtime="20260222 23:22:57.905"/>
</kw>
<kw name="Click Element" library="SeleniumLibrary">
<arg>${DROPOFF_LOCATOR}</arg>
<doc>Click the element identified by ``locator``.</doc>
<msg timestamp="20260222 23:22:57.907" level="INFO">Clicking element '//div[text()='Drop-Off']/following-sibling::div//div[@aria-label='Select your City']'.</msg>
<status status="PASS" starttime="20260222 23:22:57.905" endtime="20260222 23:22:58.096"/>
</kw>
<kw name="Sleep" library="BuiltIn">
<arg>1s</arg>
<doc>Pauses the test executed for the given time.</doc>
<msg timestamp="20260222 23:22:59.104" level="INFO">Slept 1 second</msg>
<status status="PASS" starttime="20260222 23:22:58.096" endtime="20260222 23:22:59.104"/>
</kw>
<kw name="Set Variable" library="BuiltIn">
<var>${locator}</var>
<arg>xpath=(//div[@title='${dropoff}'])[last()]</arg>
<doc>Returns the given values which can then be assigned to a variables.</doc>
<msg timestamp="20260222 23:22:59.106" level="INFO">${locator} = xpath=(//div[@title='Thrissur'])[last()]</msg>
<status status="PASS" starttime="20260222 23:22:59.105" endtime="20260222 23:22:59.106"/>
</kw>
<kw name="Wait Until Element Is Visible" library="SeleniumLibrary">
<arg>${locator}</arg>
<arg>10s</arg>
<doc>Waits until the element ``locator`` is visible.</doc>
<status status="PASS" starttime="20260222 23:22:59.106" endtime="20260222 23:22:59.169"/>
</kw>
<kw name="Click Element" library="SeleniumLibrary">
<arg>${locator}</arg>
<doc>Click the element identified by ``locator``.</doc>
<msg timestamp="20260222 23:22:59.173" level="INFO">Clicking element 'xpath=(//div[@title='Thrissur'])[last()]'.</msg>
<status status="PASS" starttime="20260222 23:22:59.170" endtime="20260222 23:22:59.392"/>
</kw>
<kw name="Click Element" library="SeleniumLibrary">
<arg>${DROPOFF_DATE_LOCATOR}</arg>
<doc>Click the element identified by ``locator``.</doc>
<msg timestamp="20260222 23:22:59.395" level="INFO">Clicking element '//div[text()='Drop-Off']/following-sibling::div//div[span[text()='Date']]//input[@placeholder='Select date']'.</msg>
<status status="PASS" starttime="20260222 23:22:59.394" endtime="20260222 23:22:59.603"/>
</kw>
<kw name="Sleep" library="BuiltIn">
<arg>1s</arg>
<doc>Pauses the test executed for the given time.</doc>
<msg timestamp="20260222 23:23:00.614" level="INFO">Slept 1 second</msg>
<status status="PASS" starttime="20260222 23:22:59.603" endtime="20260222 23:23:00.615"/>
</kw>
<kw name="Input Text" library="SeleniumLibrary">
<arg>${DROPOFF_DATE_LOCATOR}</arg>
<arg>${dropoff_date}</arg>
<doc>Types the given ``text`` into the text field identified by ``locator``.</doc>
<msg timestamp="20260222 23:23:00.618" level="INFO">Typing text '28-02-2026' into text field '//div[text()='Drop-Off']/following-sibling::div//div[span[text()='Date']]//input[@placeholder='Select date']'.</msg>
<status status="PASS" starttime="20260222 23:23:00.615" endtime="20260222 23:23:00.912"/>
</kw>
<kw name="Press Keys" library="SeleniumLibrary">
<arg>${DROPOFF_DATE_LOCATOR}</arg>
<arg>ENTER</arg>
<doc>Simulates the user pressing key(s) to an element or on the active browser.</doc>
<msg timestamp="20260222 23:23:00.915" level="INFO">Sending key(s) ('ENTER',) to //div[text()='Drop-Off']/following-sibling::div//div[span[text()='Date']]//input[@placeholder='Select date'] element.</msg>
<msg timestamp="20260222 23:23:01.262" level="INFO">Pressing special key ENTER to element.</msg>
<msg timestamp="20260222 23:23:01.263" level="INFO">Releasing special key ENTER.</msg>
<status status="PASS" starttime="20260222 23:23:00.912" endtime="20260222 23:23:01.349"/>
</kw>
<kw name="Click Element" library="SeleniumLibrary">
<arg>${SEARCH_LOCATOR}</arg>
<doc>Click the element identified by ``locator``.</doc>
<msg timestamp="20260222 23:23:01.352" level="INFO">Clicking element '//span[normalize-space()='Search']'.</msg>
<status status="PASS" starttime="20260222 23:23:01.349" endtime="20260222 23:23:01.563"/>
</kw>
<kw name="Wait Until Page Contains Element" library="SeleniumLibrary">
<arg>xpath=//fieldset[1]</arg>
<arg>10s</arg>
<doc>Waits until the element ``locator`` appears on the current page.</doc>
<status status="PASS" starttime="20260222 23:23:01.563" endtime="20260222 23:23:02.132"/>
</kw>
<status status="PASS" starttime="20260222 23:22:54.839" endtime="20260222 23:23:02.132"/>
</kw>
<kw name="Apply Car Type Filter" library="keywords">
<arg>${CAR_TYPE}</arg>
<kw name="Wait Until Page Contains Element" library="SeleniumLibrary">
<arg>xpath=//span[@class='ant-checkbox-label'][contains(.,'${car_type}')]</arg>
<doc>Waits until the element ``locator`` appears on the current page.</doc>
<status status="PASS" starttime="20260222 23:23:02.134" endtime="20260222 23:23:02.420"/>
</kw>
<kw name="Click Element" library="SeleniumLibrary">
<arg>xpath=//span[@class='ant-checkbox-label'][contains(.,'${car_type}')]</arg>
<doc>Click the element identified by ``locator``.</doc>
<msg timestamp="20260222 23:23:02.423" level="INFO">Clicking element 'xpath=//span[@class='ant-checkbox-label'][contains(.,'SUV')]'.</msg>
<status status="PASS" starttime="20260222 23:23:02.421" endtime="20260222 23:23:02.597"/>
</kw>
<kw name="Scroll Element Into View" library="SeleniumLibrary">
<arg>xpath=//span[normalize-space()='Apply Filter']</arg>
<doc>Scrolls the element identified by ``locator`` into view.</doc>
<status status="PASS" starttime="20260222 23:23:02.598" endtime="20260222 23:23:02.923"/>
</kw>
<kw name="Click Element" library="SeleniumLibrary">
<arg>xpath=//span[normalize-space()='Apply Filter']</arg>
<doc>Click the element identified by ``locator``.</doc>
<msg timestamp="20260222 23:23:02.926" level="INFO">Clicking element 'xpath=//span[normalize-space()='Apply Filter']'.</msg>
<status status="PASS" starttime="20260222 23:23:02.924" endtime="20260222 23:23:03.169"/>
</kw>
<kw name="Click Element" library="SeleniumLibrary">
<arg>xpath=//span[normalize-space()='Apply Filter']</arg>
<doc>Click the element identified by ``locator``.</doc>
<msg timestamp="20260222 23:23:03.171" level="INFO">Clicking element 'xpath=//span[normalize-space()='Apply Filter']'.</msg>
<status status="PASS" starttime="20260222 23:23:03.169" endtime="20260222 23:23:03.437"/>
</kw>
<kw name="Wait Until Page Contains Element" library="SeleniumLibrary">
<arg>xpath=(//div[@class='_product-card_1dqfj_30'])</arg>
<arg>5s</arg>
<doc>Waits until the element ``locator`` appears on the current page.</doc>
<status status="PASS" starttime="20260222 23:23:03.437" endtime="20260222 23:23:03.502"/>
</kw>
<status status="PASS" starttime="20260222 23:23:02.133" endtime="20260222 23:23:03.502"/>
</kw>
<kw name="Validate Filtered Results" library="keywords">
<arg>${CAR_TYPE}</arg>
<kw name="Set Variable" library="BuiltIn">
<var>${locator}</var>
<arg>xpath=(//h4[@class='_product-card-header-subtitle_1dqfj_56'][normalize-space()='${car_type}'])[position()&lt;=20]</arg>
<doc>Returns the given values which can then be assigned to a variables.</doc>
<msg timestamp="20260222 23:23:03.505" level="INFO">${locator} = xpath=(//h4[@class='_product-card-header-subtitle_1dqfj_56'][normalize-space()='SUV'])[position()&lt;=20]</msg>
<status status="PASS" starttime="20260222 23:23:03.504" endtime="20260222 23:23:03.505"/>
</kw>
<kw name="Wait Until Page Contains Element" library="SeleniumLibrary">
<arg>${locator}</arg>
<arg>20s</arg>
<doc>Waits until the element ``locator`` appears on the current page.</doc>
<status status="PASS" starttime="20260222 23:23:03.505" endtime="20260222 23:23:03.536"/>
</kw>
<kw name="Get WebElements" library="SeleniumLibrary">
<var>${elements}</var>
<arg>${locator}</arg>
<doc>Returns a list of WebElement objects matching the ``locator``.</doc>
<msg timestamp="20260222 23:23:03.564" level="INFO">${elements} = [&lt;selenium.webdriver.remote.webelement.WebElement (session="961e9f93230e6b454f9316eebaad354f", element="f.342CAB48DCD09EC7560F1EB370729FD6.d.D3F5B9E3C66F3E97D6F3B5449D548849.e.103")&gt;, &lt;selenium.webdri...</msg>
<status status="PASS" starttime="20260222 23:23:03.536" endtime="20260222 23:23:03.564"/>
</kw>
<for flavor="IN">
<var>${element}</var>
<value>@{elements}</value>
<iter>
<var name="${element}">&lt;selenium.webdriver.remote.webelement.WebElement (session="961e9f93230e6b454f9316eebaad354f", element="f.342CAB48DCD09EC7560F1EB370729FD6.d.D3F5B9E3C66F3E97D6F3B5449D548849.e.103")&gt;</var>
<kw name="Get Text" library="SeleniumLibrary">
<var>${text}</var>
<arg>${element}</arg>
<doc>Returns the text value of the element identified by ``locator``.</doc>
<msg timestamp="20260222 23:23:03.617" level="INFO">${text} = SUV</msg>
<status status="PASS" starttime="20260222 23:23:03.566" endtime="20260222 23:23:03.617"/>
</kw>
<kw name="Should Contain" library="BuiltIn">
<arg>${text}</arg>
<arg>${car_type}</arg>
<doc>Fails if ``container`` does not contain ``item`` one or more times.</doc>
<status status="PASS" starttime="20260222 23:23:03.617" endtime="20260222 23:23:03.618"/>
</kw>
<status status="PASS" starttime="20260222 23:23:03.566" endtime="20260222 23:23:03.618"/>
</iter>
<iter>
<var name="${element}">&lt;selenium.webdriver.remote.webelement.WebElement (session="961e9f93230e6b454f9316eebaad354f", element="f.342CAB48DCD09EC7560F1EB370729FD6.d.D3F5B9E3C66F3E97D6F3B5449D548849.e.104")&gt;</var>
<kw name="Get Text" library="SeleniumLibrary">
<var>${text}</var>
<arg>${element}</arg>
<doc>Returns the text value of the element identified by ``locator``.</doc>
<msg timestamp="20260222 23:23:03.641" level="INFO">${text} = SUV</msg>
<status status="PASS" starttime="20260222 23:23:03.618" endtime="20260222 23:23:03.641"/>
</kw>
<kw name="Should Contain" library="BuiltIn">
<arg>${text}</arg>
<arg>${car_type}</arg>
<doc>Fails if ``container`` does not contain ``item`` one or more times.</doc>
<status status="PASS" starttime="20260222 23:23:03.641" endtime="20260222 23:23:03.642"/>
</kw>
<status status="PASS" starttime="20260222 23:23:03.618" endtime="20260222 23:23:03.642"/>
</iter>
<iter>
<var name="${element}">&lt;selenium.webdriver.remote.webelement.WebElement (session="961e9f93230e6b454f9316eebaad354f", element="f.342CAB48DCD09EC7560F1EB370729FD6.d.D3F5B9E3C66F3E97D6F3B5449D548849.e.105")&gt;</var>
<kw name="Get Text" library="SeleniumLibrary">
<var>${text}</var>
<arg>${element}</arg>
<doc>Returns the text value of the element identified by ``locator``.</doc>
<msg timestamp="20260222 23:23:03.662" level="INFO">${text} = SUV</msg>
<status status="PASS" starttime="20260222 23:23:03.643" endtime="20260222 23:23:03.662"/>
</kw>
<kw name="Should Contain" library="BuiltIn">
<arg>${text}</arg>
<arg>${car_type}</arg>
<doc>Fails if ``container`` does not contain ``item`` one or more times.</doc>
<status status="PASS" starttime="20260222 23:23:03.663" endtime="20260222 23:23:03.664"/>
</kw>
<status status="PASS" starttime="20260222 23:23:03.642" endtime="20260222 23:23:03.665"/>
</iter>
<iter>
<var name="${element}">&lt;selenium.webdriver.remote.webelement.WebElement (session="961e9f93230e6b454f9316eebaad354f", element="f.342CAB48DCD09EC7560F1EB370729FD6.d.D3F5B9E3C66F3E97D6F3B5449D548849.e.106")&gt;</var>
<kw name="Get Text" library="SeleniumLibrary">
<var>${text}</var>
<arg>${element}</arg>
<doc>Returns the text value of the element identified by ``locator``.</doc>
<msg timestamp="20260222 23:23:03.684" level="INFO">${text} = SUV</msg>
<status status="PASS" starttime="20260222 23:23:03.665" endtime="20260222 23:23:03.684"/>
</kw>
<kw name="Should Contain" library="BuiltIn">
<arg>${text}</arg>
<arg>${car_type}</arg>
<doc>Fails if ``container`` does not contain ``item`` one or more times.</doc>
<status status="PASS" starttime="20260222 23:23:03.684" endtime="20260222 23:23:03.685"/>
</kw>
<status status="PASS" starttime="20260222 23:23:03.665" endtime="20260222 23:23:03.685"/>
</iter>
<iter>
<var name="${element}">&lt;selenium.webdriver.remote.webelement.WebElement (session="961e9f93230e6b454f9316eebaad354f", element="f.342CAB48DCD09EC7560F1EB370729FD6.d.D3F5B9E3C66F3E97D6F3B5449D548849.e.107")&gt;</var>
<kw name="Get Text" library="SeleniumLibrary">
<var>${text}</var>
<arg>${element}</arg>
<doc>Returns the text value of the element identified by ``locator``.</doc>
<msg timestamp="20260222 23:23:03.705" level="INFO">${text} = SUV</msg>
<status status="PASS" starttime="20260222 23:23:03.686" endtime="20260222 23:23:03.705"/>
</kw>
<kw name="Should Contain" library="BuiltIn">
<arg>${text}</arg>
<arg>${car_type}</arg>
<doc>Fails if ``container`` does not contain ``item`` one or more times.</doc>
<status status="PASS" starttime="20260222 23:23:03.706" endtime="20260222 23:23:03.708"/>
</kw>
<status status="PASS" starttime="20260222 23:23:03.685" endtime="20260222 23:23:03.708"/>
</iter>
<status status="PASS" starttime="20260222 23:23:03.565" endtime="20260222 23:23:03.708"/>
</for>
<status status="PASS" starttime="20260222 23:23:03.503" endtime="20260222 23:23:03.708"/>
</kw>
<kw name="Close Browser" library="SeleniumLibrary">
<doc>Closes the current browser.</doc>
<status status="PASS" starttime="20260222 23:23:03.709" endtime="20260222 23:23:06.132"/>
</kw>
<doc>Automate verification that the Car Type filter displays only the selected car type.</doc>
<tag>SG-13</tag>
<status status="PASS" starttime="20260222 23:22:49.522" endtime="20260222 23:23:06.133"/>
</test>
<doc>Template for Search tests</doc>
<status status="PASS" starttime="20260222 23:22:49.092" endtime="20260222 23:23:06.140"/>
</suite>
<statistics>
<total>
<stat pass="1" fail="0" skip="0">All Tests</stat>
</total>
<tag>
<stat pass="1" fail="0" skip="0">SG-13</stat>
</tag>
<suite>
<stat pass="1" fail="0" skip="0" id="s1" name="Search Tests">Search Tests</stat>
</suite>
</statistics>
<errors>
</errors>
</robot>
